[debug] [2019-08-07T19:53:28.590Z] ----------------------------------------------------------------------
[debug] [2019-08-07T19:53:28.592Z] Command:       /usr/local/Cellar/node/12.6.0/bin/node /usr/local/bin/firebase deploy --only functions
[debug] [2019-08-07T19:53:28.593Z] CLI Version:   7.2.2
[debug] [2019-08-07T19:53:28.593Z] Platform:      darwin
[debug] [2019-08-07T19:53:28.593Z] Node Version:  v12.6.0
[debug] [2019-08-07T19:53:28.610Z] Time:          Wed Aug 07 2019 15:53:28 GMT-0400 (Eastern Daylight Time)
[debug] [2019-08-07T19:53:28.610Z] ----------------------------------------------------------------------
[debug] 
[debug] [2019-08-07T19:53:28.625Z] > command requires scopes: ["email","openid","https://www.googleapis.com/auth/cloudplatformprojects.readonly","https://www.googleapis.com/auth/firebase","https://www.googleapis.com/auth/cloud-platform"]
[debug] [2019-08-07T19:53:28.625Z] > authorizing via signed-in user
[debug] [2019-08-07T19:53:28.625Z] [iam] checking project waldo-7996a for permissions ["cloudfunctions.functions.create","cloudfunctions.functions.delete","cloudfunctions.functions.get","cloudfunctions.functions.list","cloudfunctions.functions.update","cloudfunctions.operations.get","firebase.projects.get"]
[debug] [2019-08-07T19:53:28.627Z] > refreshing access token with scopes: ["email","https://www.googleapis.com/auth/cloud-platform","https://www.googleapis.com/auth/cloudplatformprojects.readonly","https://www.googleapis.com/auth/firebase","openid"]
[debug] [2019-08-07T19:53:28.627Z] >>> HTTP REQUEST POST https://www.googleapis.com/oauth2/v3/token  
 <request body omitted>
[debug] [2019-08-07T19:53:28.801Z] <<< HTTP RESPONSE 200
[debug] [2019-08-07T19:53:28.814Z] >>> HTTP REQUEST POST https://cloudresourcemanager.googleapis.com/v1/projects/waldo-7996a:testIamPermissions  

[debug] [2019-08-07T19:53:29.042Z] <<< HTTP RESPONSE 200
[info] 
[info] === Deploying to 'waldo-7996a'...
[info] 
[info] i  deploying functions
[debug] [2019-08-07T19:53:30.947Z] > [functions] package.json contents: {
  "name": "functions",
  "description": "Cloud Functions for Firebase",
  "scripts": {
    "serve": "firebase serve --only functions",
    "shell": "firebase functions:shell",
    "start": "npm run shell",
    "deploy": "firebase deploy --only functions",
    "logs": "firebase functions:log"
  },
  "engines": {
    "node": "8"
  },
  "dependencies": {
    "@sendgrid/mail": "^6.4.0",
    "firebase-admin": "^8.0.0",
    "firebase-functions": "^3.1.0"
  },
  "devDependencies": {
    "firebase-functions-test": "^0.1.6"
  },
  "private": true
}
[info] i  functions: ensuring necessary APIs are enabled...
[debug] [2019-08-07T19:53:30.948Z] >>> HTTP REQUEST GET https://serviceusage.googleapis.com/v1/projects/waldo-7996a/services/cloudfunctions.googleapis.com  
 
[debug] [2019-08-07T19:53:30.949Z] >>> HTTP REQUEST GET https://serviceusage.googleapis.com/v1/projects/waldo-7996a/services/runtimeconfig.googleapis.com  
 
[debug] [2019-08-07T19:53:31.308Z] <<< HTTP RESPONSE 200
[debug] [2019-08-07T19:53:31.315Z] <<< HTTP RESPONSE 200
[info] ✔  functions: all necessary APIs are enabled
[debug] [2019-08-07T19:53:31.317Z] >>> HTTP REQUEST GET https://firebase.googleapis.com/v1beta1/projects/waldo-7996a/adminSdkConfig  
 
[debug] [2019-08-07T19:53:31.555Z] <<< HTTP RESPONSE 200
[info] i  functions: preparing functions directory for uploading...
[debug] [2019-08-07T19:53:31.559Z] >>> HTTP REQUEST GET https://runtimeconfig.googleapis.com/v1beta1/projects/waldo-7996a/configs  
 
[debug] [2019-08-07T19:53:32.019Z] <<< HTTP RESPONSE 200
[info] i  functions: packaged functions (28.46 KB) for uploading
[debug] [2019-08-07T19:53:32.459Z] >>> HTTP REQUEST POST https://cloudfunctions.googleapis.com/v1/projects/waldo-7996a/locations/us-central1/functions:generateUploadUrl  
 
[debug] [2019-08-07T19:53:32.939Z] <<< HTTP RESPONSE 200
[debug] [2019-08-07T19:53:32.941Z] >>> HTTP REQUEST PUT https://storage.googleapis.com/gcf-upload-us-central1-5eb9ca6b-4f0e-4586-9ee6-277decbcb324/a4509a8e-d8df-4515-bbcf-0a22c0b3c411.zip?GoogleAccessId=service-143490529558@gcf-admin-robot.iam.gserviceaccount.com&Expires=1565209412&Signature=IcFZKQIUlIzICFq2VNdRRC1xtUT0IzzZ6cAcFIIUlWcf3snySIYOhAWmR56ZXFTduyh%2Fr7H1RKqvKRw2veg7NoMF7XyZXNmusV5LcSMC1NZ%2B1Ym1MseFBa1XVz97V83ZPGo8vEX8JkHosZWCTvPw2ruZI0bZ9DzZ9Mk8QJuebxWzHoysMS63XWaNCZTh%2Bs5th%2BsfeocJ3dZzgxDhhto%2BQLeZ%2FljhpLMjSRGz8LXrbJ2sEoI73loS2UGtu4iyqdtOHZ32Vni68PWsVHYzzG54Y8cU6CykDozHUyD%2BAl3lYPwR9Frb1OttlR3zrsNpvhiBvUm7Vc%2Bmv38v%2F69jnt%2BlZw%3D%3D  
 <request body omitted>
[debug] [2019-08-07T19:53:33.164Z] <<< HTTP RESPONSE 200
[info] ✔  functions: functions folder uploaded successfully
[debug] [2019-08-07T19:53:33.168Z] >>> HTTP REQUEST GET https://cloudfunctions.googleapis.com/v1/projects/waldo-7996a/locations/-/functions  
 
[debug] [2019-08-07T19:53:33.656Z] <<< HTTP RESPONSE 200
[info] i  functions: updating Node.js 8 function date(us-central1)...
[debug] [2019-08-07T19:53:33.661Z] Trigger is:  {"httpsTrigger":{}}
[debug] [2019-08-07T19:53:33.663Z] >>> HTTP REQUEST GET https://serviceusage.googleapis.com/v1/projects/waldo-7996a/services/cloudscheduler.googleapis.com  
 
[debug] [2019-08-07T19:53:34.168Z] <<< HTTP RESPONSE 200
[debug] [2019-08-07T19:53:34.171Z] >>> HTTP REQUEST PATCH https://cloudfunctions.googleapis.com/v1/projects/waldo-7996a/locations/us-central1/functions/date {"updateMask":"sourceUploadUrl,name,labels,runtime,httpsTrigger"} 

